# JRE version: Java(TM) SE Runtime Environment (8.0_101-b13) (build 1.8.0_101-b13)
# Java VM: Java HotSpot(TM) 64-Bit Server VM (25.101-b13 mixed mode windows-amd64 compressed oops)
Heap:
 PSYoungGen      total 188928K, used 33770K [0x00000000e0000000, 0x00000000f6300000, 0x0000000100000000)
  eden space 155136K, 0% used [0x00000000e0000000,0x00000000e0000000,0x00000000e9780000)
  from space 33792K, 99% used [0x00000000ed600000,0x00000000ef6fab10,0x00000000ef700000)
  to   space 64000K, 0% used [0x00000000e9780000,0x00000000e9780000,0x00000000ed600000)
 ParOldGen       total 154112K, used 152186K [0x00000000a0000000, 0x00000000a9680000, 0x00000000e0000000)
  object space 154112K, 98% used [0x00000000a0000000,0x00000000a949e920,0x00000000a9680000)
 Metaspace       used 70469K, capacity 73248K, committed 73432K, reserved 1112064K
  class space    used 9328K, capacity 9936K, committed 9984K, reserved 1048576K
GC Heap History (10 events):
Event: 3896.504 GC heap after
Heap after GC invocations=21 (full 3):
 PSYoungGen      total 220160K, used 3607K [0x00000000e0000000, 0x00000000eed80000, 0x0000000100000000)
  eden space 207360K, 0% used [0x00000000e0000000,0x00000000e0000000,0x00000000eca80000)
  from space 12800K, 28% used [0x00000000ee100000,0x00000000ee485f88,0x00000000eed80000)
  to   space 17920K, 0% used [0x00000000eca80000,0x00000000eca80000,0x00000000edc00000)
 ParOldGen       total 120320K, used 54731K [0x00000000a0000000, 0x00000000a7580000, 0x00000000e0000000)
  object space 120320K, 45% used [0x00000000a0000000,0x00000000a3572c58,0x00000000a7580000)
 Metaspace       used 61620K, capacity 64130K, committed 64344K, reserved 1103872K
  class space    used 8392K, capacity 8995K, committed 9088K, reserved 1048576K
}
Event: 8653.065 GC heap before
{Heap before GC invocations=22 (full 3):
 PSYoungGen      total 220160K, used 210967K [0x00000000e0000000, 0x00000000eed80000, 0x0000000100000000)
  eden space 207360K, 100% used [0x00000000e0000000,0x00000000eca80000,0x00000000eca80000)
  from space 12800K, 28% used [0x00000000ee100000,0x00000000ee485f88,0x00000000eed80000)
  to   space 17920K, 0% used [0x00000000eca80000,0x00000000eca80000,0x00000000edc00000)
 ParOldGen       total 120320K, used 54731K [0x00000000a0000000, 0x00000000a7580000, 0x00000000e0000000)
  object space 120320K, 45% used [0x00000000a0000000,0x00000000a3572c58,0x00000000a7580000)
 Metaspace       used 62161K, capacity 64858K, committed 65112K, reserved 1105920K
  class space    used 8429K, capacity 9027K, committed 9088K, reserved 1048576K
Event: 8653.099 GC heap after
Heap after GC invocations=22 (full 3):
 PSYoungGen      total 207872K, used 7680K [0x00000000e0000000, 0x00000000ee400000, 0x0000000100000000)
  eden space 199680K, 0% used [0x00000000e0000000,0x00000000e0000000,0x00000000ec300000)
  from space 8192K, 93% used [0x00000000eca80000,0x00000000ed200040,0x00000000ed280000)
  to   space 16896K, 0% used [0x00000000ed380000,0x00000000ed380000,0x00000000ee400000)
 ParOldGen       total 120320K, used 57499K [0x00000000a0000000, 0x00000000a7580000, 0x00000000e0000000)
  object space 120320K, 47% used [0x00000000a0000000,0x00000000a3826d18,0x00000000a7580000)
 Metaspace       used 62161K, capacity 64858K, committed 65112K, reserved 1105920K
  class space    used 8429K, capacity 9027K, committed 9088K, reserved 1048576K
}
Event: 8668.294 GC heap before
{Heap before GC invocations=23 (full 3):
 PSYoungGen      total 207872K, used 207360K [0x00000000e0000000, 0x00000000ee400000, 0x0000000100000000)
  eden space 199680K, 100% used [0x00000000e0000000,0x00000000ec300000,0x00000000ec300000)
  from space 8192K, 93% used [0x00000000eca80000,0x00000000ed200040,0x00000000ed280000)
  to   space 16896K, 0% used [0x00000000ed380000,0x00000000ed380000,0x00000000ee400000)
 ParOldGen       total 120320K, used 57499K [0x00000000a0000000, 0x00000000a7580000, 0x00000000e0000000)
  object space 120320K, 47% used [0x00000000a0000000,0x00000000a3826d18,0x00000000a7580000)
 Metaspace       used 67310K, capacity 70098K, committed 70360K, reserved 1110016K
  class space    used 9051K, capacity 9677K, committed 9728K, reserved 1048576K
Event: 8668.309 GC heap after
Heap after GC invocations=23 (full 3):
 PSYoungGen      total 209408K, used 16868K [0x00000000e0000000, 0x00000000ee800000, 0x0000000100000000)
  eden space 192512K, 0% used [0x00000000e0000000,0x00000000e0000000,0x00000000ebc00000)
  from space 16896K, 99% used [0x00000000ed380000,0x00000000ee3f9188,0x00000000ee400000)
  to   space 22528K, 0% used [0x00000000ebc00000,0x00000000ebc00000,0x00000000ed200000)
 ParOldGen       total 120320K, used 65535K [0x00000000a0000000, 0x00000000a7580000, 0x00000000e0000000)
  object space 120320K, 54% used [0x00000000a0000000,0x00000000a3fffdd8,0x00000000a7580000)
 Metaspace       used 67310K, capacity 70098K, committed 70360K, reserved 1110016K
  class space    used 9051K, capacity 9677K, committed 9728K, reserved 1048576K
}
Event: 8676.740 GC heap before
{Heap before GC invocations=24 (full 3):
 PSYoungGen      total 209408K, used 209380K [0x00000000e0000000, 0x00000000ee800000, 0x0000000100000000)
  eden space 192512K, 100% used [0x00000000e0000000,0x00000000ebc00000,0x00000000ebc00000)
  from space 16896K, 99% used [0x00000000ed380000,0x00000000ee3f9188,0x00000000ee400000)
  to   space 22528K, 0% used [0x00000000ebc00000,0x00000000ebc00000,0x00000000ed200000)
 ParOldGen       total 120320K, used 65535K [0x00000000a0000000, 0x00000000a7580000, 0x00000000e0000000)
  object space 120320K, 54% used [0x00000000a0000000,0x00000000a3fffdd8,0x00000000a7580000)
 Metaspace       used 70344K, capacity 73088K, committed 73176K, reserved 1112064K
  class space    used 9312K, capacity 9904K, committed 9984K, reserved 1048576K
Event: 8676.760 GC heap after
Heap after GC invocations=24 (full 3):
 PSYoungGen      total 207872K, used 22507K [0x00000000e0000000, 0x00000000ef700000, 0x0000000100000000)
  eden space 185344K, 0% used [0x00000000e0000000,0x00000000e0000000,0x00000000eb500000)
  from space 22528K, 99% used [0x00000000ebc00000,0x00000000ed1fac20,0x00000000ed200000)
  to   space 33792K, 0% used [0x00000000ed600000,0x00000000ed600000,0x00000000ef700000)
 ParOldGen       total 120320K, used 86764K [0x00000000a0000000, 0x00000000a7580000, 0x00000000e0000000)
  object space 120320K, 72% used [0x00000000a0000000,0x00000000a54bb090,0x00000000a7580000)
 Metaspace       used 70344K, capacity 73088K, committed 73176K, reserved 1112064K
  class space    used 9312K, capacity 9904K, committed 9984K, reserved 1048576K
}
Event: 8677.751 GC heap before
{Heap before GC invocations=25 (full 3):
 PSYoungGen      total 207872K, used 207851K [0x00000000e0000000, 0x00000000ef700000, 0x0000000100000000)
  eden space 185344K, 100% used [0x00000000e0000000,0x00000000eb500000,0x00000000eb500000)
  from space 22528K, 99% used [0x00000000ebc00000,0x00000000ed1fac20,0x00000000ed200000)
  to   space 33792K, 0% used [0x00000000ed600000,0x00000000ed600000,0x00000000ef700000)
 ParOldGen       total 120320K, used 86764K [0x00000000a0000000, 0x00000000a7580000, 0x00000000e0000000)
  object space 120320K, 72% used [0x00000000a0000000,0x00000000a54bb090,0x00000000a7580000)
 Metaspace       used 70469K, capacity 73248K, committed 73432K, reserved 1112064K
  class space    used 9328K, capacity 9936K, committed 9984K, reserved 1048576K
Event: 8677.797 GC heap after
Heap after GC invocations=25 (full 3):
 PSYoungGen      total 188928K, used 33770K [0x00000000e0000000, 0x00000000f6300000, 0x0000000100000000)
  eden space 155136K, 0% used [0x00000000e0000000,0x00000000e0000000,0x00000000e9780000)
  from space 33792K, 99% used [0x00000000ed600000,0x00000000ef6fab10,0x00000000ef700000)
  to   space 64000K, 0% used [0x00000000e9780000,0x00000000e9780000,0x00000000ed600000)
 ParOldGen       total 154112K, used 152186K [0x00000000a0000000, 0x00000000a9680000, 0x00000000e0000000)
  object space 154112K, 98% used [0x00000000a0000000,0x00000000a949e920,0x00000000a9680000)
 Metaspace       used 70469K, capacity 73248K, committed 73432K, reserved 1112064K
  class space    used 9328K, capacity 9936K, committed 9984K, reserved 1048576K
}
Event: 8677.797 GC heap before
{Heap before GC invocations=26 (full 4):
 PSYoungGen      total 188928K, used 33770K [0x00000000e0000000, 0x00000000f6300000, 0x0000000100000000)
  eden space 155136K, 0% used [0x00000000e0000000,0x00000000e0000000,0x00000000e9780000)
  from space 33792K, 99% used [0x00000000ed600000,0x00000000ef6fab10,0x00000000ef700000)
  to   space 64000K, 0% used [0x00000000e9780000,0x00000000e9780000,0x00000000ed600000)
 ParOldGen       total 154112K, used 152186K [0x00000000a0000000, 0x00000000a9680000, 0x00000000e0000000)
  object space 154112K, 98% used [0x00000000a0000000,0x00000000a949e920,0x00000000a9680000)
 Metaspace       used 70469K, capacity 73248K, committed 73432K, reserved 1112064K
  class space    used 9328K, capacity 9936K, committed 9984K, reserved 1048576K

