# JRE version: Java(TM) SE Runtime Environment (8.0_101-b13) (build 1.8.0_101-b13)
# Java VM: Java HotSpot(TM) 64-Bit Server VM (25.101-b13 mixed mode windows-amd64 compressed oops)
Heap:
 PSYoungGen      total 400384K, used 311584K [0x00000000e0000000, 0x00000000ff680000, 0x0000000100000000)
  eden space 297472K, 100% used [0x00000000e0000000,0x00000000f2280000,0x00000000f2280000)
  from space 102912K, 13% used [0x00000000f9200000,0x00000000f9fc8000,0x00000000ff680000)
  to   space 108544K, 7% used [0x00000000f2280000,0x00000000f2ab71b0,0x00000000f8c80000)
 ParOldGen       total 395264K, used 294867K [0x00000000a0000000, 0x00000000b8200000, 0x00000000e0000000)
  object space 395264K, 74% used [0x00000000a0000000,0x00000000b1ff4c30,0x00000000b8200000)
 Metaspace       used 73071K, capacity 78212K, committed 78356K, reserved 1118208K
  class space    used 9531K, capacity 10203K, committed 10300K, reserved 1048576K
GC Heap History (10 events):
Event: 14091.633 GC heap after
Heap after GC invocations=79 (full 11):
 PSYoungGen      total 403968K, used 5144K [0x00000000e0000000, 0x00000000ffb00000, 0x0000000100000000)
  eden space 297984K, 0% used [0x00000000e0000000,0x00000000e0000000,0x00000000f2300000)
  from space 105984K, 4% used [0x00000000f9380000,0x00000000f9886298,0x00000000ffb00000)
  to   space 110592K, 0% used [0x00000000f2300000,0x00000000f2300000,0x00000000f8f00000)
 ParOldGen       total 395264K, used 167986K [0x00000000a0000000, 0x00000000b8200000, 0x00000000e0000000)
  object space 395264K, 42% used [0x00000000a0000000,0x00000000aa40ca08,0x00000000b8200000)
 Metaspace       used 72311K, capacity 76496K, committed 76820K, reserved 1116160K
  class space    used 9375K, capacity 9941K, committed 10044K, reserved 1048576K
}
Event: 15816.773 GC heap before
{Heap before GC invocations=80 (full 11):
 PSYoungGen      total 403968K, used 303128K [0x00000000e0000000, 0x00000000ffb00000, 0x0000000100000000)
  eden space 297984K, 100% used [0x00000000e0000000,0x00000000f2300000,0x00000000f2300000)
  from space 105984K, 4% used [0x00000000f9380000,0x00000000f9886298,0x00000000ffb00000)
  to   space 110592K, 0% used [0x00000000f2300000,0x00000000f2300000,0x00000000f8f00000)
 ParOldGen       total 395264K, used 167986K [0x00000000a0000000, 0x00000000b8200000, 0x00000000e0000000)
  object space 395264K, 42% used [0x00000000a0000000,0x00000000aa40ca08,0x00000000b8200000)
 Metaspace       used 72878K, capacity 77910K, committed 78100K, reserved 1118208K
  class space    used 9506K, capacity 10170K, committed 10300K, reserved 1048576K
Event: 15816.839 GC heap after
Heap after GC invocations=80 (full 11):
 PSYoungGen      total 408576K, used 10810K [0x00000000e0000000, 0x00000000fff80000, 0x0000000100000000)
  eden space 297984K, 0% used [0x00000000e0000000,0x00000000e0000000,0x00000000f2300000)
  from space 110592K, 9% used [0x00000000f2300000,0x00000000f2d8e818,0x00000000f8f00000)
  to   space 108032K, 0% used [0x00000000f9600000,0x00000000f9600000,0x00000000fff80000)
 ParOldGen       total 395264K, used 172418K [0x00000000a0000000, 0x00000000b8200000, 0x00000000e0000000)
  object space 395264K, 43% used [0x00000000a0000000,0x00000000aa860a08,0x00000000b8200000)
 Metaspace       used 72878K, capacity 77910K, committed 78100K, reserved 1118208K
  class space    used 9506K, capacity 10170K, committed 10300K, reserved 1048576K
}
Event: 15821.114 GC heap before
{Heap before GC invocations=81 (full 11):
 PSYoungGen      total 408576K, used 308794K [0x00000000e0000000, 0x00000000fff80000, 0x0000000100000000)
  eden space 297984K, 100% used [0x00000000e0000000,0x00000000f2300000,0x00000000f2300000)
  from space 110592K, 9% used [0x00000000f2300000,0x00000000f2d8e818,0x00000000f8f00000)
  to   space 108032K, 0% used [0x00000000f9600000,0x00000000f9600000,0x00000000fff80000)
 ParOldGen       total 395264K, used 172418K [0x00000000a0000000, 0x00000000b8200000, 0x00000000e0000000)
  object space 395264K, 43% used [0x00000000a0000000,0x00000000aa860a08,0x00000000b8200000)
 Metaspace       used 72905K, capacity 77910K, committed 78100K, reserved 1118208K
  class space    used 9506K, capacity 10170K, committed 10300K, reserved 1048576K
Event: 15821.211 GC heap after
Heap after GC invocations=81 (full 11):
 PSYoungGen      total 400896K, used 75647K [0x00000000e0000000, 0x0000000100000000, 0x0000000100000000)
  eden space 292864K, 0% used [0x00000000e0000000,0x00000000e0000000,0x00000000f1e00000)
  from space 108032K, 70% used [0x00000000f9600000,0x00000000fdfdff20,0x00000000fff80000)
  to   space 115712K, 0% used [0x00000000f1e00000,0x00000000f1e00000,0x00000000f8f00000)
 ParOldGen       total 395264K, used 179010K [0x00000000a0000000, 0x00000000b8200000, 0x00000000e0000000)
  object space 395264K, 45% used [0x00000000a0000000,0x00000000aaed09d0,0x00000000b8200000)
 Metaspace       used 72905K, capacity 77910K, committed 78100K, reserved 1118208K
  class space    used 9506K, capacity 10170K, committed 10300K, reserved 1048576K
}
Event: 15821.712 GC heap before
{Heap before GC invocations=82 (full 11):
 PSYoungGen      total 400896K, used 368511K [0x00000000e0000000, 0x0000000100000000, 0x0000000100000000)
  eden space 292864K, 100% used [0x00000000e0000000,0x00000000f1e00000,0x00000000f1e00000)
  from space 108032K, 70% used [0x00000000f9600000,0x00000000fdfdff20,0x00000000fff80000)
  to   space 115712K, 0% used [0x00000000f1e00000,0x00000000f1e00000,0x00000000f8f00000)
 ParOldGen       total 395264K, used 179010K [0x00000000a0000000, 0x00000000b8200000, 0x00000000e0000000)
  object space 395264K, 45% used [0x00000000a0000000,0x00000000aaed09d0,0x00000000b8200000)
 Metaspace       used 72905K, capacity 77910K, committed 78100K, reserved 1118208K
  class space    used 9506K, capacity 10170K, committed 10300K, reserved 1048576K
Event: 15821.864 GC heap after
Heap after GC invocations=82 (full 11):
 PSYoungGen      total 408576K, used 47680K [0x00000000e0000000, 0x00000000ffe80000, 0x0000000100000000)
  eden space 292864K, 0% used [0x00000000e0000000,0x00000000e0000000,0x00000000f1e00000)
  from space 115712K, 41% used [0x00000000f1e00000,0x00000000f4c90000,0x00000000f8f00000)
  to   space 111104K, 0% used [0x00000000f9200000,0x00000000f9200000,0x00000000ffe80000)
 ParOldGen       total 395264K, used 241122K [0x00000000a0000000, 0x00000000b8200000, 0x00000000e0000000)
  object space 395264K, 61% used [0x00000000a0000000,0x00000000aeb788c8,0x00000000b8200000)
 Metaspace       used 72905K, capacity 77910K, committed 78100K, reserved 1118208K
  class space    used 9506K, capacity 10170K, committed 10300K, reserved 1048576K
}
Event: 15822.852 GC heap before
{Heap before GC invocations=83 (full 11):
 PSYoungGen      total 408576K, used 340544K [0x00000000e0000000, 0x00000000ffe80000, 0x0000000100000000)
  eden space 292864K, 100% used [0x00000000e0000000,0x00000000f1e00000,0x00000000f1e00000)
  from space 115712K, 41% used [0x00000000f1e00000,0x00000000f4c90000,0x00000000f8f00000)
  to   space 111104K, 0% used [0x00000000f9200000,0x00000000f9200000,0x00000000ffe80000)
 ParOldGen       total 395264K, used 241122K [0x00000000a0000000, 0x00000000b8200000, 0x00000000e0000000)
  object space 395264K, 61% used [0x00000000a0000000,0x00000000aeb788c8,0x00000000b8200000)
 Metaspace       used 72907K, capacity 77910K, committed 78100K, reserved 1118208K
  class space    used 9506K, capacity 10170K, committed 10300K, reserved 1048576K
Event: 15822.972 GC heap after
Heap after GC invocations=83 (full 11):
 PSYoungGen      total 400384K, used 14112K [0x00000000e0000000, 0x00000000ff680000, 0x0000000100000000)
  eden space 297472K, 0% used [0x00000000e0000000,0x00000000e0000000,0x00000000f2280000)
  from space 102912K, 13% used [0x00000000f9200000,0x00000000f9fc8000,0x00000000ff680000)
  to   space 108544K, 0% used [0x00000000f2280000,0x00000000f2280000,0x00000000f8c80000)
 ParOldGen       total 395264K, used 287427K [0x00000000a0000000, 0x00000000b8200000, 0x00000000e0000000)
  object space 395264K, 72% used [0x00000000a0000000,0x00000000b18b0c30,0x00000000b8200000)
 Metaspace       used 72907K, capacity 77910K, committed 78100K, reserved 1118208K
  class space    used 9506K, capacity 10170K, committed 10300K, reserved 1048576K
}
Event: 15940.460 GC heap before
{Heap before GC invocations=84 (full 11):
 PSYoungGen      total 400384K, used 311584K [0x00000000e0000000, 0x00000000ff680000, 0x0000000100000000)
  eden space 297472K, 100% used [0x00000000e0000000,0x00000000f2280000,0x00000000f2280000)
  from space 102912K, 13% used [0x00000000f9200000,0x00000000f9fc8000,0x00000000ff680000)
  to   space 108544K, 0% used [0x00000000f2280000,0x00000000f2280000,0x00000000f8c80000)
 ParOldGen       total 395264K, used 287427K [0x00000000a0000000, 0x00000000b8200000, 0x00000000e0000000)
  object space 395264K, 72% used [0x00000000a0000000,0x00000000b18b0c30,0x00000000b8200000)
 Metaspace       used 73071K, capacity 78212K, committed 78356K, reserved 1118208K
  class space    used 9531K, capacity 10203K, committed 10300K, reserved 1048576K

